This is pdfTeX, Version 3.14159265-2.6-1.40.18 (TeX Live 2017) (preloaded format=pdflatex 2017.5.23)  28 DEC 2018 14:44
entering extended mode
 restricted \write18 enabled.
 %&-line parsing enabled.
**thesis.tex
(./thesis.tex
LaTeX2e <2017-04-15>
Babel <3.10> and hyphenation patterns for 84 language(s) loaded.
(./isuthesis.cls
Document Class: isuthesis 2011/02/14 v1.03 (Joe Struss)
Document Class: isuthesis 2011/02/14
(/usr/local/texlive/2017/texmf-dist/tex/latex/base/report.cls
Document Class: report 2014/09/29 v1.4h Standard LaTeX document class
(/usr/local/texlive/2017/texmf-dist/tex/latex/base/size11.clo
File: size11.clo 2014/09/29 v1.4h Standard LaTeX file (size option)
)
\c@part=\count79
\c@chapter=\count80
\c@section=\count81
\c@subsection=\count82
\c@subsubsection=\count83
\c@paragraph=\count84
\c@subparagraph=\count85
\c@figure=\count86
\c@table=\count87
\abovecaptionskip=\skip41
\belowcaptionskip=\skip42
\bibindent=\dimen102
)
(/usr/local/texlive/2017/texmf-dist/tex/latex/geometry/geometry.sty
Package: geometry 2010/09/12 v5.6 Page Geometry

(/usr/local/texlive/2017/texmf-dist/tex/latex/graphics/keyval.sty
Package: keyval 2014/10/28 v1.15 key=value parser (DPC)
\KV@toks@=\toks14
)
(/usr/local/texlive/2017/texmf-dist/tex/generic/oberdiek/ifpdf.sty
Package: ifpdf 2017/03/15 v3.2 Provides the ifpdf switch
)
(/usr/local/texlive/2017/texmf-dist/tex/generic/oberdiek/ifvtex.sty
Package: ifvtex 2016/05/16 v1.6 Detect VTeX and its facilities (HO)
Package ifvtex Info: VTeX not detected.
)
(/usr/local/texlive/2017/texmf-dist/tex/generic/ifxetex/ifxetex.sty
Package: ifxetex 2010/09/12 v0.6 Provides ifxetex conditional
)
\Gm@cnth=\count88
\Gm@cntv=\count89
\c@Gm@tempcnt=\count90
\Gm@bindingoffset=\dimen103
\Gm@wd@mp=\dimen104
\Gm@odd@mp=\dimen105
\Gm@even@mp=\dimen106
\Gm@layoutwidth=\dimen107
\Gm@layoutheight=\dimen108
\Gm@layouthoffset=\dimen109
\Gm@layoutvoffset=\dimen110
\Gm@dimlist=\toks15
)
\captionwidth=\dimen111
\@deptnum=\count91
\@majornum=\count92
\@numcomm=\count93
\@signwidth=\dimen112
\signdeptnum=\count94
\signmajornum=\count95
\@linecount=\count96
)
(/usr/local/texlive/2017/texmf-dist/tex/latex/graphics/graphicx.sty
Package: graphicx 2014/10/28 v1.0g Enhanced LaTeX Graphics (DPC,SPQR)

(/usr/local/texlive/2017/texmf-dist/tex/latex/graphics/graphics.sty
Package: graphics 2017/04/14 v1.1b Standard LaTeX Graphics (DPC,SPQR)

(/usr/local/texlive/2017/texmf-dist/tex/latex/graphics/trig.sty
Package: trig 2016/01/03 v1.10 sin cos tan (DPC)
)
(/usr/local/texlive/2017/texmf-dist/tex/latex/graphics-cfg/graphics.cfg
File: graphics.cfg 2016/06/04 v1.11 sample graphics configuration
)
Package graphics Info: Driver file: pdftex.def on input line 99.

(/usr/local/texlive/2017/texmf-dist/tex/latex/graphics-def/pdftex.def
File: pdftex.def 2017/01/12 v0.06k Graphics/color for pdfTeX

(/usr/local/texlive/2017/texmf-dist/tex/generic/oberdiek/infwarerr.sty
Package: infwarerr 2016/05/16 v1.4 Providing info/warning/error messages (HO)
)
(/usr/local/texlive/2017/texmf-dist/tex/generic/oberdiek/ltxcmds.sty
Package: ltxcmds 2016/05/16 v1.23 LaTeX kernel commands for general use (HO)
)
\Gread@gobject=\count97
))
\Gin@req@height=\dimen113
\Gin@req@width=\dimen114
)
(/usr/local/texlive/2017/texmf-dist/tex/latex/url/url.sty
\Urlmuskip=\muskip10
Package: url 2013/09/16  ver 3.4  Verb mode for urls, etc.
)
(./isutraditional.sty)
(/usr/local/texlive/2017/texmf-dist/tex/latex/amsmath/amsmath.sty
Package: amsmath 2016/11/05 v2.16a AMS math features
\@mathmargin=\skip43

For additional information on amsmath, use the `?' option.
(/usr/local/texlive/2017/texmf-dist/tex/latex/amsmath/amstext.sty
Package: amstext 2000/06/29 v2.01 AMS text

(/usr/local/texlive/2017/texmf-dist/tex/latex/amsmath/amsgen.sty
File: amsgen.sty 1999/11/30 v2.0 generic functions
\@emptytoks=\toks16
\ex@=\dimen115
))
(/usr/local/texlive/2017/texmf-dist/tex/latex/amsmath/amsbsy.sty
Package: amsbsy 1999/11/29 v1.2d Bold Symbols
\pmbraise@=\dimen116
)
(/usr/local/texlive/2017/texmf-dist/tex/latex/amsmath/amsopn.sty
Package: amsopn 2016/03/08 v2.02 operator names
)
\inf@bad=\count98
LaTeX Info: Redefining \frac on input line 213.
\uproot@=\count99
\leftroot@=\count100
LaTeX Info: Redefining \overline on input line 375.
\classnum@=\count101
\DOTSCASE@=\count102
LaTeX Info: Redefining \ldots on input line 472.
LaTeX Info: Redefining \dots on input line 475.
LaTeX Info: Redefining \cdots on input line 596.
\Mathstrutbox@=\box26
\strutbox@=\box27
\big@size=\dimen117
LaTeX Font Info:    Redeclaring font encoding OML on input line 712.
LaTeX Font Info:    Redeclaring font encoding OMS on input line 713.
\macc@depth=\count103
\c@MaxMatrixCols=\count104
\dotsspace@=\muskip11
\c@parentequation=\count105
\dspbrk@lvl=\count106
\tag@help=\toks17
\row@=\count107
\column@=\count108
\maxfields@=\count109
\andhelp@=\toks18
\eqnshift@=\dimen118
\alignsep@=\dimen119
\tagshift@=\dimen120
\tagwidth@=\dimen121
\totwidth@=\dimen122
\lineht@=\dimen123
\@envbody=\toks19
\multlinegap=\skip44
\multlinetaggap=\skip45
\mathdisplay@stack=\toks20
LaTeX Info: Redefining \[ on input line 2817.
LaTeX Info: Redefining \] on input line 2818.
)
(/usr/local/texlive/2017/texmf-dist/tex/latex/algorithms/algorithm.sty
Package: algorithm 2009/08/24 v0.1 Document Style `algorithm' - floating enviro
nment

(/usr/local/texlive/2017/texmf-dist/tex/latex/float/float.sty
Package: float 2001/11/08 v1.3d Float enhancements (AL)
\c@float@type=\count110
\float@exts=\toks21
\float@box=\box28
\@float@everytoks=\toks22
\@floatcapt=\box29
)
(/usr/local/texlive/2017/texmf-dist/tex/latex/base/ifthen.sty
Package: ifthen 2014/09/29 v1.1c Standard LaTeX ifthen package (DPC)
)
\@float@every@algorithm=\toks23
\c@algorithm=\count111
)
(/usr/local/texlive/2017/texmf-dist/tex/latex/algorithmicx/algpseudocode.sty
Package: algpseudocode 

(/usr/local/texlive/2017/texmf-dist/tex/latex/algorithmicx/algorithmicx.sty
Package: algorithmicx 2005/04/27 v1.2 Algorithmicx

Document Style algorithmicx 1.2 - a greatly improved `algorithmic' style
\c@ALG@line=\count112
\c@ALG@rem=\count113
\c@ALG@nested=\count114
\ALG@tlm=\skip46
\ALG@thistlm=\skip47
\c@ALG@Lnr=\count115
\c@ALG@blocknr=\count116
\c@ALG@storecount=\count117
\c@ALG@tmpcounter=\count118
\ALG@tmplength=\skip48
)
Document Style - pseudocode environments for use with the `algorithmicx' style
) (/usr/local/texlive/2017/texmf-dist/tex/latex/listings/listings.sty
\lst@mode=\count119
\lst@gtempboxa=\box30
\lst@token=\toks24
\lst@length=\count120
\lst@currlwidth=\dimen124
\lst@column=\count121
\lst@pos=\count122
\lst@lostspace=\dimen125
\lst@width=\dimen126
\lst@newlines=\count123
\lst@lineno=\count124
\lst@maxwidth=\dimen127

(/usr/local/texlive/2017/texmf-dist/tex/latex/listings/lstmisc.sty
File: lstmisc.sty 2015/06/04 1.6 (Carsten Heinz)
\c@lstnumber=\count125
\lst@skipnumbers=\count126
\lst@framebox=\box31
)
(/usr/local/texlive/2017/texmf-dist/tex/latex/listings/listings.cfg
File: listings.cfg 2015/06/04 1.6 listings configuration
))
Package: listings 2015/06/04 1.6 (Carsten Heinz)

(/usr/local/texlive/2017/texmf-dist/tex/latex/graphics/color.sty
Package: color 2016/07/10 v1.1e Standard LaTeX Color (DPC)

(/usr/local/texlive/2017/texmf-dist/tex/latex/graphics-cfg/color.cfg
File: color.cfg 2016/01/02 v1.6 sample color configuration
)
Package color Info: Driver file: pdftex.def on input line 147.
)
(/usr/local/texlive/2017/texmf-dist/tex/latex/listings/lstlang1.sty
File: lstlang1.sty 2015/06/04 1.6 listings language file
)
(./rotating.sty
Package: rotating 1995/08/22 2.10 Rotation package
\r@tfl@t=\count127
\rot@float@box=\box32
)
(/usr/local/texlive/2017/texmf-dist/tex/latex/tools/longtable.sty
Package: longtable 2014/10/28 v4.11 Multi-page Table package (DPC)
\LTleft=\skip49
\LTright=\skip50
\LTpre=\skip51
\LTpost=\skip52
\LTchunksize=\count128
\LTcapwidth=\dimen128
\LT@head=\box33
\LT@firsthead=\box34
\LT@foot=\box35
\LT@lastfoot=\box36
\LT@cols=\count129
\LT@rows=\count130
\c@LT@tables=\count131
\c@LT@chunks=\count132
\LT@p@ftn=\toks25
)
(/usr/local/texlive/2017/texmf-dist/tex/latex/xcolor/xcolor.sty
Package: xcolor 2016/05/11 v2.12 LaTeX color extensions (UK)

(/usr/local/texlive/2017/texmf-dist/tex/latex/graphics-cfg/color.cfg
File: color.cfg 2016/01/02 v1.6 sample color configuration
)
Package xcolor Info: Driver file: pdftex.def on input line 225.

(/usr/local/texlive/2017/texmf-dist/tex/latex/colortbl/colortbl.sty
Package: colortbl 2012/02/13 v1.0a Color table columns (DPC)

(/usr/local/texlive/2017/texmf-dist/tex/latex/tools/array.sty
Package: array 2016/10/06 v2.4d Tabular extension package (FMi)
\col@sep=\dimen129
\extrarowheight=\dimen130
\NC@list=\toks26
\extratabsurround=\skip53
\backup@length=\skip54
)
\everycr=\toks27
\minrowclearance=\skip55
)
LaTeX Info: Redefining \color on input line 709.
\rownum=\count133
Package xcolor Info: Model `cmy' substituted by `cmy0' on input line 1348.
Package xcolor Info: Model `hsb' substituted by `rgb' on input line 1352.
Package xcolor Info: Model `RGB' extended on input line 1364.
Package xcolor Info: Model `HTML' substituted by `rgb' on input line 1366.
Package xcolor Info: Model `Hsb' substituted by `hsb' on input line 1367.
Package xcolor Info: Model `tHsb' substituted by `hsb' on input line 1368.
Package xcolor Info: Model `HSB' substituted by `hsb' on input line 1369.
Package xcolor Info: Model `Gray' substituted by `gray' on input line 1370.
Package xcolor Info: Model `wave' substituted by `hsb' on input line 1371.
) (./natbib.sty
Package: natbib 1996/06/17 6.3 (PWD)
\bibhang=\skip56
\bibsep=\skip57
LaTeX Info: Redefining \cite on input line 314.
\c@NAT@ctr=\count134
) (/usr/local/texlive/2017/texmf-dist/tex/latex/hyperref/hyperref.sty
Package: hyperref 2017/03/14 v6.85a Hypertext links for LaTeX

(/usr/local/texlive/2017/texmf-dist/tex/generic/oberdiek/hobsub-hyperref.sty
Package: hobsub-hyperref 2016/05/16 v1.14 Bundle oberdiek, subset hyperref (HO)


(/usr/local/texlive/2017/texmf-dist/tex/generic/oberdiek/hobsub-generic.sty
Package: hobsub-generic 2016/05/16 v1.14 Bundle oberdiek, subset generic (HO)
Package: hobsub 2016/05/16 v1.14 Construct package bundles (HO)
Package hobsub Info: Skipping package `infwarerr' (already loaded).
Package hobsub Info: Skipping package `ltxcmds' (already loaded).
Package: ifluatex 2016/05/16 v1.4 Provides the ifluatex switch (HO)
Package ifluatex Info: LuaTeX not detected.
Package hobsub Info: Skipping package `ifvtex' (already loaded).
Package: intcalc 2016/05/16 v1.2 Expandable calculations with integers (HO)
Package hobsub Info: Skipping package `ifpdf' (already loaded).
Package: etexcmds 2016/05/16 v1.6 Avoid name clashes with e-TeX commands (HO)
Package etexcmds Info: Could not find \expanded.
(etexcmds)             That can mean that you are not using pdfTeX 1.50 or
(etexcmds)             that some package has redefined \expanded.
(etexcmds)             In the latter case, load this package earlier.
Package: kvsetkeys 2016/05/16 v1.17 Key value parser (HO)
Package: kvdefinekeys 2016/05/16 v1.4 Define keys (HO)
Package: pdftexcmds 2017/03/19 v0.25 Utility functions of pdfTeX for LuaTeX (HO
)
Package pdftexcmds Info: LuaTeX not detected.
Package pdftexcmds Info: \pdf@primitive is available.
Package pdftexcmds Info: \pdf@ifprimitive is available.
Package pdftexcmds Info: \pdfdraftmode found.
Package: pdfescape 2016/05/16 v1.14 Implements pdfTeX's escape features (HO)
Package: bigintcalc 2016/05/16 v1.4 Expandable calculations on big integers (HO
)
Package: bitset 2016/05/16 v1.2 Handle bit-vector datatype (HO)
Package: uniquecounter 2016/05/16 v1.3 Provide unlimited unique counter (HO)
)
Package hobsub Info: Skipping package `hobsub' (already loaded).
Package: letltxmacro 2016/05/16 v1.5 Let assignment for LaTeX macros (HO)
Package: hopatch 2016/05/16 v1.3 Wrapper for package hooks (HO)
Package: xcolor-patch 2016/05/16 xcolor patch
Package: atveryend 2016/05/16 v1.9 Hooks at the very end of document (HO)
Package atveryend Info: \enddocument detected (standard20110627).
Package: atbegshi 2016/06/09 v1.18 At begin shipout hook (HO)
Package: refcount 2016/05/16 v3.5 Data extraction from label references (HO)
Package: hycolor 2016/05/16 v1.8 Color options for hyperref/bookmark (HO)
)
(/usr/local/texlive/2017/texmf-dist/tex/latex/oberdiek/auxhook.sty
Package: auxhook 2016/05/16 v1.4 Hooks for auxiliary files (HO)
)
(/usr/local/texlive/2017/texmf-dist/tex/latex/oberdiek/kvoptions.sty
Package: kvoptions 2016/05/16 v3.12 Key value format for package options (HO)
)
\@linkdim=\dimen131
\Hy@linkcounter=\count135
\Hy@pagecounter=\count136

(/usr/local/texlive/2017/texmf-dist/tex/latex/hyperref/pd1enc.def
File: pd1enc.def 2017/03/14 v6.85a Hyperref: PDFDocEncoding definition (HO)
)
\Hy@SavedSpaceFactor=\count137

(/usr/local/texlive/2017/texmf-dist/tex/latex/latexconfig/hyperref.cfg
File: hyperref.cfg 2002/06/06 v1.2 hyperref configuration of TeXLive
)
Package hyperref Info: Option `hypertexnames' set `false' on input line 4374.
Package hyperref Info: Option `linktocpage' set `true' on input line 4374.
Package hyperref Info: Hyper figures OFF on input line 4498.
Package hyperref Info: Link nesting OFF on input line 4503.
Package hyperref Info: Hyper index ON on input line 4506.
Package hyperref Info: Plain pages OFF on input line 4513.
Package hyperref Info: Backreferencing OFF on input line 4518.
Package hyperref Info: Implicit mode ON; LaTeX internals redefined.
Package hyperref Info: Bookmarks ON on input line 4751.
\c@Hy@tempcnt=\count138
LaTeX Info: Redefining \url on input line 5104.
\XeTeXLinkMargin=\dimen132
\Fld@menulength=\count139
\Field@Width=\dimen133
\Fld@charsize=\dimen134
Package hyperref Info: Hyper figures OFF on input line 6358.
Package hyperref Info: Link nesting OFF on input line 6363.
Package hyperref Info: Hyper index ON on input line 6366.
Package hyperref Info: backreferencing OFF on input line 6373.
Package hyperref Info: Link coloring OFF on input line 6378.
Package hyperref Info: Link coloring with OCG OFF on input line 6383.
Package hyperref Info: PDF/A mode OFF on input line 6388.
LaTeX Info: Redefining \ref on input line 6428.
LaTeX Info: Redefining \pageref on input line 6432.
\Hy@abspage=\count140
\c@Item=\count141
\c@Hfootnote=\count142
)

Package hyperref Message: Driver: hpdftex.

(/usr/local/texlive/2017/texmf-dist/tex/latex/hyperref/hpdftex.def
File: hpdftex.def 2017/03/14 v6.85a Hyperref driver for pdfTeX
\Fld@listcount=\count143
\c@bookmark@seq@number=\count144

(/usr/local/texlive/2017/texmf-dist/tex/latex/oberdiek/rerunfilecheck.sty
Package: rerunfilecheck 2016/05/16 v1.8 Rerun checks for auxiliary files (HO)
Package uniquecounter Info: New unique counter `rerunfilecheck' on input line 2
82.
)
\Hy@SectionHShift=\skip58
)
Package hyperref Info: Option `colorlinks' set `true' on input line 51.
Package hyperref Info: Option `bookmarksnumbered' set `true' on input line 51.

(/usr/local/texlive/2017/texmf-dist/tex/latex/titlesec/titletoc.sty
Package: titletoc 2011/12/15 v1.6 TOC entries
\ttl@leftsep=\dimen135
)
(/usr/local/texlive/2017/texmf-dist/tex/latex/etoolbox/etoolbox.sty
Package: etoolbox 2017/01/02 v2.4 e-TeX tools for LaTeX (JAW)
\etb@tempcnta=\count145
)
(/usr/local/texlive/2017/texmf-dist/tex/latex/nowidow/nowidow.sty
Package: nowidow 2011/09/20 1.0 Easily prevent widows and orphans
Package: nowidow 
)
(./thesis.aux (./Preface/titlepage.aux) (./Preface/dedication.aux)
(./Preface/acknowl.aux) (./Preface/abstract.aux) (./Body/chapter1.aux)
(./Body/chapter2.aux) (./Body/chapter3.aux) (./Body/chapter4.aux)
(./Body/chapter5.aux) (./Reference/biblio.aux) (./Appendix/appendix1.aux)
(./Appendix/appendix2.aux))
\openout1 = `thesis.aux'.

LaTeX Font Info:    Checking defaults for OML/cmm/m/it on input line 103.
LaTeX Font Info:    ... okay on input line 103.
LaTeX Font Info:    Checking defaults for T1/cmr/m/n on input line 103.
LaTeX Font Info:    ... okay on input line 103.
LaTeX Font Info:    Checking defaults for OT1/cmr/m/n on input line 103.
LaTeX Font Info:    ... okay on input line 103.
LaTeX Font Info:    Checking defaults for OMS/cmsy/m/n on input line 103.
LaTeX Font Info:    ... okay on input line 103.
LaTeX Font Info:    Checking defaults for OMX/cmex/m/n on input line 103.
LaTeX Font Info:    ... okay on input line 103.
LaTeX Font Info:    Checking defaults for U/cmr/m/n on input line 103.
LaTeX Font Info:    ... okay on input line 103.
LaTeX Font Info:    Checking defaults for PD1/pdf/m/n on input line 103.
LaTeX Font Info:    ... okay on input line 103.

*geometry* driver: auto-detecting
*geometry* detected driver: pdftex
*geometry* verbose mode - [ preamble ] result:
* driver: pdftex
* paper: letterpaper
* layout: <same size as paper>
* layoutoffset:(h,v)=(0.0pt,0.0pt)
* modes: includehead 
* h-part:(L,W,R)=(72.26999pt, 469.75502pt, 72.26999pt)
* v-part:(T,H,B)=(72.26999pt, 650.43001pt, 72.26999pt)
* \paperwidth=614.295pt
* \paperheight=794.96999pt
* \textwidth=469.75502pt
* \textheight=613.43001pt
* \oddsidemargin=0.0pt
* \evensidemargin=0.0pt
* \topmargin=0.0pt
* \headheight=12.0pt
* \headsep=25.0pt
* \topskip=11.0pt
* \footskip=30.0pt
* \marginparwidth=59.0pt
* \marginparsep=10.0pt
* \columnsep=10.0pt
* \skip\footins=10.0pt plus 4.0pt minus 2.0pt
* \hoffset=0.0pt
* \voffset=0.0pt
* \mag=1000
* \@twocolumnfalse
* \@twosidefalse
* \@mparswitchfalse
* \@reversemarginfalse
* (1in=72.27pt=25.4mm, 1cm=28.453pt)

(/usr/local/texlive/2017/texmf-dist/tex/context/base/mkii/supp-pdf.mkii
[Loading MPS to PDF converter (version 2006.09.02).]
\scratchcounter=\count146
\scratchdimen=\dimen136
\scratchbox=\box37
\nofMPsegments=\count147
\nofMParguments=\count148
\everyMPshowfont=\toks28
\MPscratchCnt=\count149
\MPscratchDim=\dimen137
\MPnumerator=\count150
\makeMPintoPDFobject=\count151
\everyMPtoPDFconversion=\toks29
) (/usr/local/texlive/2017/texmf-dist/tex/latex/oberdiek/epstopdf-base.sty
Package: epstopdf-base 2016/05/15 v2.6 Base part for package epstopdf

(/usr/local/texlive/2017/texmf-dist/tex/latex/oberdiek/grfext.sty
Package: grfext 2016/05/16 v1.2 Manage graphics extensions (HO)
)
Package epstopdf-base Info: Redefining graphics rule for `.eps' on input line 4
38.
Package grfext Info: Graphics extension search list:
(grfext)             [.png,.pdf,.jpg,.mps,.jpeg,.jbig2,.jb2,.PNG,.PDF,.JPG,.JPE
G,.JBIG2,.JB2,.eps]
(grfext)             \AppendGraphicsExtensions on input line 456.

(/usr/local/texlive/2017/texmf-dist/tex/latex/latexconfig/epstopdf-sys.cfg
File: epstopdf-sys.cfg 2010/07/13 v1.3 Configuration of (r)epstopdf for TeX Liv
e
))
\c@lstlisting=\count152
\AtBeginShipoutBox=\box38
Package hyperref Info: Link coloring ON on input line 103.

(/usr/local/texlive/2017/texmf-dist/tex/latex/hyperref/nameref.sty
Package: nameref 2016/05/21 v2.44 Cross-referencing by name of section

(/usr/local/texlive/2017/texmf-dist/tex/generic/oberdiek/gettitlestring.sty
Package: gettitlestring 2016/05/16 v1.5 Cleanup title references (HO)
)
\c@section@level=\count153
)
LaTeX Info: Redefining \ref on input line 103.
LaTeX Info: Redefining \pageref on input line 103.
LaTeX Info: Redefining \nameref on input line 103.

(./thesis.out) (./thesis.out)
\@outlinefile=\write3
\openout3 = `thesis.out'.

\openout2 = `Preface/titlepage.aux'.

 (./Preface/titlepage.tex)
LaTeX Font Info:    Try loading font information for OMS+cmr on input line 107.


(/usr/local/texlive/2017/texmf-dist/tex/latex/base/omscmr.fd
File: omscmr.fd 2014/09/29 v2.5h Standard LaTeX font definitions
)
LaTeX Font Info:    Font shape `OMS/cmr/m/n' in size <10.95> not available
(Font)              Font shape `OMS/cmsy/m/n' tried instead on input line 107.

Overfull \vbox (7.09912pt too high) detected at line 107
 []

[1



{/usr/local/texlive/2017/texmf-var/fonts/map/pdftex/updmap/pdftex.map}]
\openout2 = `Preface/dedication.aux'.


(./Preface/dedication.tex) [2



] (./thesis.toc [3


] [4])
\tf@toc=\write4
\openout4 = `thesis.toc'.

 [5] (./thesis.lot)
\tf@lot=\write5
\openout5 = `thesis.lot'.


[6


] (./thesis.lof)
\tf@lof=\write6
\openout6 = `thesis.lof'.

 [7


]
\openout2 = `Preface/acknowl.aux'.

 (./Preface/acknowl.tex
ACKNOWLEDGMENTS
) [8



]
\openout2 = `Preface/abstract.aux'.

 (./Preface/abstract.tex
ABSTRACT
) [9




]
\openout2 = `Body/chapter1.aux'.

 (./Body/chapter1.tex
CHAPTER\  1.
<resources/fig_lp_file.png, id=316, 540.0175pt x 237.88875pt>
File: resources/fig_lp_file.png Graphic file (type png)

<use resources/fig_lp_file.png>
Package pdftex.def Info: resources/fig_lp_file.png used on input line 13.
(pdftex.def)             Requested size: 227.62155pt x 142.26971pt.
\@tempboxb=\box39
 [1



 <./resources/fig_lp_file.png>] [2] [3]
[4] <resources/fig_nmt_nl_example.png, id=339, 791.95876pt x 155.58125pt>
File: resources/fig_nmt_nl_example.png Graphic file (type png)

<use resources/fig_nmt_nl_example.png>
Package pdftex.def Info: resources/fig_nmt_nl_example.png used on input line 41
.
(pdftex.def)             Requested size: 398.34694pt x 85.35866pt.
\@tempboxb=\box40

<resources/fig_spectrans_example.png, id=341, 804.00375pt x 143.53625pt>
File: resources/fig_spectrans_example.png Graphic file (type png)

<use resources/fig_spectrans_example.png>
Package pdftex.def Info: resources/fig_spectrans_example.png used on input line
 50.
(pdftex.def)             Requested size: 398.33273pt x 85.36021pt.
\@tempboxb=\box41
 [5 <./resources/fig_nmt_nl_example.png>] <resources/fig_xvar_example.png, id=3
49, 352.31625pt x 97.36375pt>
File: resources/fig_xvar_example.png Graphic file (type png)

<use resources/fig_xvar_example.png>
Package pdftex.def Info: resources/fig_xvar_example.png used on input line 58.
(pdftex.def)             Requested size: 227.62123pt x 113.81557pt.
\@tempboxb=\box42
 [6 <./resources/fig_spectrans_example.png>]) [7 <./resources/fig_xvar_example.
png>]
\openout2 = `Body/chapter2.aux'.

 (./Body/chapter2.tex
CHAPTER\  2.

Underfull \hbox (badness 10000) in paragraph at lines 8--9

 []

<resources/fig_deixis_example.png, id=362, 969.6225pt x 238.8925pt>
File: resources/fig_deixis_example.png Graphic file (type png)

<use resources/fig_deixis_example.png>
Package pdftex.def Info: resources/fig_deixis_example.png used on input line 12
.
(pdftex.def)             Requested size: 483.70041pt x 170.7157pt.

Overfull \hbox (13.94539pt too wide) in paragraph at lines 12--14
 [][] 
 []

\@tempboxb=\box43

Underfull \hbox (badness 10000) in paragraph at lines 18--19

 []

[8



] <resources/fig_expressiveness_example.png, id=369, 626.34pt x 190.7125pt>
File: resources/fig_expressiveness_example.png Graphic file (type png)

<use resources/fig_expressiveness_example.png>
Package pdftex.def Info: resources/fig_expressiveness_example.png used on input
 line 26.
(pdftex.def)             Requested size: 398.35225pt x 142.26866pt.
\@tempboxb=\box44


LaTeX Warning: Reference `fig_ExpressivenessExample' on page 9 undefined on inp
ut line 31.

[9 <./resources/fig_deixis_example.png>]
Underfull \hbox (badness 10000) in paragraph at lines 34--35

 []

<resources/fig_phrase_example.png, id=375, 606.265pt x 247.92625pt>
File: resources/fig_phrase_example.png Graphic file (type png)

<use resources/fig_phrase_example.png>
Package pdftex.def Info: resources/fig_phrase_example.png used on input line 38
.
(pdftex.def)             Requested size: 398.34148pt x 170.71747pt.
\@tempboxb=\box45
 [10 <./resources/fig_expressiveness_example.png>]
Underfull \hbox (badness 10000) in paragraph at lines 47--48

 []

<resources/fig_anaphoric_example.png, id=384, 973.6375pt x 274.02374pt>
File: resources/fig_anaphoric_example.png Graphic file (type png)

<use resources/fig_anaphoric_example.png>
Package pdftex.def Info: resources/fig_anaphoric_example.png used on input line
 51.
(pdftex.def)             Requested size: 512.14787pt x 170.72086pt.

Overfull \hbox (42.39285pt too wide) in paragraph at lines 51--53
 [][] 
 []

\@tempboxb=\box46
[11 <./resources/fig_phrase_example.png>]
Underfull \hbox (badness 10000) in paragraph at lines 61--62

 []


Underfull \hbox (badness 10000) in paragraph at lines 63--64

 []

[12 <./resources/fig_anaphoric_example.png>]
Underfull \hbox (badness 10000) in paragraph at lines 68--69

 []

<resources/fig_url_ambiguous_example.png, id=398, 409.53pt x 266.9975pt>
File: resources/fig_url_ambiguous_example.png Graphic file (type png)

<use resources/fig_url_ambiguous_example.png>
Package pdftex.def Info: resources/fig_url_ambiguous_example.png used on input 
line 72.
(pdftex.def)             Requested size: 398.36217pt x 170.72299pt.
\@tempboxb=\box47

Underfull \hbox (badness 10000) in paragraph at lines 78--79

 []

[13]
<resources/fig_set_ambiguous_example.png, id=405, 439.6425pt x 210.7875pt>
File: resources/fig_set_ambiguous_example.png Graphic file (type png)

<use resources/fig_set_ambiguous_example.png>
Package pdftex.def Info: resources/fig_set_ambiguous_example.png used on input 
line 82.
(pdftex.def)             Requested size: 398.35124pt x 170.72086pt.
\@tempboxb=\box48


LaTeX Warning: Reference `' on page 14 undefined on input line 88.

[14 <./resources/fig_url_ambiguous_example.png>]
<resources/fig_stag_example.png, id=412, 332.24126pt x 192.72pt>
File: resources/fig_stag_example.png Graphic file (type png)

<use resources/fig_stag_example.png>
Package pdftex.def Info: resources/fig_stag_example.png used on input line 98.
(pdftex.def)             Requested size: 227.62444pt x 113.80966pt.
\@tempboxb=\box49
 [15 <./resources/fig_set_ambiguous_example.png>]
<resources/fig_sbar_sbarq_2examples.png, id=420, 695.59875pt x 190.7125pt>
File: resources/fig_sbar_sbarq_2examples.png Graphic file (type png)

<use resources/fig_sbar_sbarq_2examples.png>
Package pdftex.def Info: resources/fig_sbar_sbarq_2examples.png used on input l
ine 106.
(pdftex.def)             Requested size: 398.33163pt x 113.81145pt.
\@tempboxb=\box50

Underfull \hbox (badness 10000) in paragraph at lines 124--124
\OT1/cmr/m/n/10.95 si-bly empty) sub-or-di-nat-ing
 []


Underfull \hbox (badness 2027) in paragraph at lines 128--128
[]|\OT1/cmr/m/n/10.95 - In-verted declar-a-tive sentence-
 []


Overfull \hbox (62.40709pt too wide) in alignment at lines 113--158
 [] [] [] [] [] 
 []

[16 <./resources/fig_stag_example.png>]
Underfull \vbox (badness 10000) detected at line 158
 []


Overfull \hbox (2.1446pt too wide) in paragraph at lines 164--164
[]|\OT1/cmr/m/n/10.95 WHADJP| 
 []


Underfull \hbox (badness 10000) in paragraph at lines 172--172
[]|\OT1/cmr/m/n/10.95 - Un-known, un-cer-tain, or
 []


Underfull \hbox (badness 10000) in paragraph at lines 172--172
\OT1/cmr/m/n/10.95 unbracketable.- Not pop-u-lar
 []


Underfull \hbox (badness 4467) in paragraph at lines 184--184
[]|\OT1/cmr/m/n/10.95 preposition, sub-or-di-nat-ing con-
 []


Overfull \hbox (62.40709pt too wide) in alignment at lines 158--198
 [] [] [] [] [] 
 []

[17 <./resources/fig_sbar_sbarq_2examples.png>] [18]
Missing character: There is no ‚ in font cmr10!
Missing character: There is no Ä in font cmr10!
Missing character: There is no ô in font cmr10!
Missing character: There is no ‚ in font cmr10!
Missing character: There is no Ä in font cmr10!
Missing character: There is no ò in font cmr10!
Missing character: There is no ‚ in font cmr10!
Missing character: There is no Ä in font cmr10!
Missing character: There is no ô in font cmr10!

Overfull \hbox (62.40709pt too wide) in alignment at lines 198--238
 [] [] [] [] [] 
 []

[19]
Overfull \hbox (62.40709pt too wide) in alignment at lines 238--274
 [] [] [] [] [] 
 []

[20] [21]) [22]
\openout2 = `Body/chapter3.aux'.

 (./Body/chapter3.tex
CHAPTER\  3.
[23



] [24] [25] [26]

LaTeX Warning: Reference `' on page 27 undefined on input line 34.

Package hyperref Info: bookmark level for unknown algorithm defaults to 0 on in
put line 40.
LaTeX Font Info:    Font shape `OMS/cmr/m/it' in size <10.95> not available
(Font)              Font shape `OMS/cmsy/m/n' tried instead on input line 49.
) [27] [28] [29]
\openout2 = `Body/chapter4.aux'.

 (./Body/chapter4.tex
CHAPTER\  4.
\@tempboxb=\box51

Underfull \hbox (badness 6808) in paragraph at lines 37--37
[]|\OT1/cmr/m/n/10.95 FileUtils .copy-File(new File(fname),
 []


Underfull \hbox (badness 10000) in paragraph at lines 39--39
[]|\OT1/cmr/m/n/10.95 Thread .cur-rent-Thread() .get-Con-
 []


Underfull \hbox (badness 10000) in paragraph at lines 39--39
\OT1/cmr/m/n/10.95 textClass-Loader() .load-Class( "My-
 []

Missing character: There is no ‚ in font cmr10!
Missing character: There is no Ä in font cmr10!
Missing character: There is no ù in font cmr10!
Missing character: There is no ‚ in font cmr10!
Missing character: There is no Ä in font cmr10!
Missing character: There is no ù in font cmr10!

Underfull \hbox (badness 10000) in paragraph at lines 41--41
[]|\OT1/cmr/m/n/10.95 Thread .cur-rent-Thread() .get-Con-
 []


Underfull \hbox (badness 2253) in paragraph at lines 41--41
\OT1/cmr/m/n/10.95 textClass-Loader() .load-Class(MyClass
 []

Missing character: There is no ‚ in font cmr10!
Missing character: There is no Ä in font cmr10!
Missing character: There is no ù in font cmr10!
Missing character: There is no ‚ in font cmr10!
Missing character: There is no Ä in font cmr10!
Missing character: There is no ù in font cmr10!

Underfull \hbox (badness 7468) in paragraph at lines 43--43
[]|\OT1/cmr/m/n/10.95 new LineNum-ber-Reader(new In-put-
 []

Missing character: There is no ‚ in font cmr10!
Missing character: There is no Ä in font cmr10!
Missing character: There is no ù in font cmr10!
Missing character: There is no ‚ in font cmr10!
Missing character: There is no Ä in font cmr10!
Missing character: There is no ù in font cmr10!
Missing character: There is no ‚ in font cmr10!
Missing character: There is no Ä in font cmr10!
Missing character: There is no ù in font cmr10!
Missing character: There is no ‚ in font cmr10!
Missing character: There is no Ä in font cmr10!
Missing character: There is no ù in font cmr10!
Missing character: There is no ‚ in font cmr10!
Missing character: There is no Ä in font cmr10!
Missing character: There is no ù in font cmr10!
Missing character: There is no ‚ in font cmr10!
Missing character: There is no Ä in font cmr10!
Missing character: There is no ù in font cmr10!

Underfull \hbox (badness 10000) in paragraph at lines 49--49
[]|\OT1/cmr/m/n/10.95 FileUtils .writeStringToFile(new
 []

Missing character: There is no ‚ in font cmr10!
Missing character: There is no Ä in font cmr10!
Missing character: There is no ù in font cmr10!
Missing character: There is no ‚ in font cmr10!
Missing character: There is no Ä in font cmr10!
Missing character: There is no ù in font cmr10!
Missing character: There is no ‚ in font cmr10!
Missing character: There is no Ä in font cmr10!
Missing character: There is no ù in font cmr10!
Missing character: There is no ‚ in font cmr10!
Missing character: There is no Ä in font cmr10!
Missing character: There is no ù in font cmr10!

Underfull \hbox (badness 10000) in paragraph at lines 55--55
[]|\OT1/cmr/m/n/10.95 open con-nec-tion
 []

Missing character: There is no ‚ in font cmr10!
Missing character: There is no Ä in font cmr10!
Missing character: There is no ù in font cmr10!
Missing character: There is no ‚ in font cmr10!
Missing character: There is no Ä in font cmr10!
Missing character: There is no ù in font cmr10!
Missing character: There is no ‚ in font cmr10!
Missing character: There is no Ä in font cmr10!
Missing character: There is no ù in font cmr10!
Missing character: There is no ‚ in font cmr10!
Missing character: There is no Ä in font cmr10!
Missing character: There is no ù in font cmr10!

Underfull \hbox (badness 10000) in paragraph at lines 59--59
[]|\OT1/cmr/m/n/10.95 create socket
 []


Underfull \hbox (badness 10000) in paragraph at lines 59--59
[]|\OT1/cmr/m/n/10.95 new Socket( "http://www .or-a-cle
 []

Missing character: There is no ‚ in font cmr10!
Missing character: There is no Ä in font cmr10!
Missing character: There is no ù in font cmr10!
Missing character: There is no ‚ in font cmr10!
Missing character: There is no Ä in font cmr10!
Missing character: There is no ù in font cmr10!
Missing character: There is no ‚ in font cmr10!
Missing character: There is no Ä in font cmr10!
Missing character: There is no ù in font cmr10!
Missing character: There is no ‚ in font cmr10!
Missing character: There is no Ä in font cmr10!
Missing character: There is no ù in font cmr10!
Missing character: There is no ‚ in font cmr10!
Missing character: There is no Ä in font cmr10!
Missing character: There is no ù in font cmr10!
Missing character: There is no ‚ in font cmr10!
Missing character: There is no Ä in font cmr10!
Missing character: There is no ù in font cmr10!
Missing character: There is no ‚ in font cmr10!
Missing character: There is no Ä in font cmr10!
Missing character: There is no ù in font cmr10!
Missing character: There is no ‚ in font cmr10!
Missing character: There is no Ä in font cmr10!
Missing character: There is no ù in font cmr10!
Missing character: There is no ‚ in font cmr10!
Missing character: There is no Ä in font cmr10!
Missing character: There is no ù in font cmr10!
Missing character: There is no ‚ in font cmr10!
Missing character: There is no Ä in font cmr10!
Missing character: There is no ù in font cmr10!

Underfull \hbox (badness 10000) in paragraph at lines 67--67
[]|\OT1/cmr/m/n/10.95 Thread .cur-rent-Thread() .set-Pri-or-
 []


Underfull \hbox (badness 10000) in paragraph at lines 69--69
[]|\OT1/cmr/m/n/10.95 Thread .cur-rent-Thread() .set-Pri-or-
 []


Overfull \hbox (49.99994pt too wide) in alignment at lines 26--69
 [] [] [] [] 
 []


Underfull \vbox (badness 10000) detected at line 69
 []

Missing character: There is no ‚ in font cmr10!
Missing character: There is no Ä in font cmr10!
Missing character: There is no ù in font cmr10!
Missing character: There is no ‚ in font cmr10!
Missing character: There is no Ä in font cmr10!
Missing character: There is no ù in font cmr10!
Missing character: There is no ‚ in font cmr10!
Missing character: There is no Ä in font cmr10!
Missing character: There is no ù in font cmr10!
Missing character: There is no ‚ in font cmr10!
Missing character: There is no Ä in font cmr10!
Missing character: There is no ù in font cmr10!
Missing character: There is no ‚ in font cmr10!
Missing character: There is no Ä in font cmr10!
Missing character: There is no ù in font cmr10!
Missing character: There is no ‚ in font cmr10!
Missing character: There is no Ä in font cmr10!
Missing character: There is no ù in font cmr10!
Missing character: There is no ‚ in font cmr10!
Missing character: There is no Ä in font cmr10!
Missing character: There is no ù in font cmr10!
Missing character: There is no ‚ in font cmr10!
Missing character: There is no Ä in font cmr10!
Missing character: There is no ù in font cmr10!

Underfull \hbox (badness 10000) in paragraph at lines 73--73
[]|\OT1/cmr/m/n/10.95 new Prop-er-ties() .set-Prop-erty(gate
 []

Missing character: There is no ‚ in font cmr10!
Missing character: There is no Ä in font cmr10!
Missing character: There is no ù in font cmr10!
Missing character: There is no ‚ in font cmr10!
Missing character: There is no Ä in font cmr10!
Missing character: There is no ù in font cmr10!

Underfull \hbox (badness 10000) in paragraph at lines 87--87
[]|\OT1/cmr/m/n/10.95 FileDeleteStrategy .NOR-MAL
 []

Missing character: There is no ‚ in font cmr10!
Missing character: There is no Ä in font cmr10!
Missing character: There is no ù in font cmr10!
Missing character: There is no ‚ in font cmr10!
Missing character: There is no Ä in font cmr10!
Missing character: There is no ù in font cmr10!
Missing character: There is no ‚ in font cmr10!
Missing character: There is no Ä in font cmr10!
Missing character: There is no ù in font cmr10!
Missing character: There is no ‚ in font cmr10!
Missing character: There is no Ä in font cmr10!
Missing character: There is no ù in font cmr10!
Missing character: There is no ‚ in font cmr10!
Missing character: There is no Ä in font cmr10!
Missing character: There is no ù in font cmr10!
Missing character: There is no ‚ in font cmr10!
Missing character: There is no Ä in font cmr10!
Missing character: There is no ù in font cmr10!

Underfull \hbox (badness 10000) in paragraph at lines 99--99
[]|\OT1/cmr/m/n/10.95 Thread .cur-rent-Thread() .get-Stack-
 []


Underfull \hbox (badness 10000) in paragraph at lines 101--101
[]|\OT1/cmr/m/n/10.95 Thread .cur-rent-Thread() .get-Stack-
 []

Missing character: There is no ‚ in font cmr10!
Missing character: There is no Ä in font cmr10!
Missing character: There is no ù in font cmr10!
Missing character: There is no ‚ in font cmr10!
Missing character: There is no Ä in font cmr10!
Missing character: There is no ù in font cmr10!

Underfull \hbox (badness 7468) in paragraph at lines 103--103
[]|\OT1/cmr/m/n/10.95 new LineNum-ber-Reader(new In-put-
 []

Missing character: There is no ‚ in font cmr10!
Missing character: There is no Ä in font cmr10!
Missing character: There is no ù in font cmr10!
Missing character: There is no ‚ in font cmr10!
Missing character: There is no Ä in font cmr10!
Missing character: There is no ù in font cmr10!
Missing character: There is no ‚ in font cmr10!
Missing character: There is no Ä in font cmr10!
Missing character: There is no ù in font cmr10!
Missing character: There is no ‚ in font cmr10!
Missing character: There is no Ä in font cmr10!
Missing character: There is no ù in font cmr10!

Underfull \hbox (badness 10000) in paragraph at lines 107--107
[]|\OT1/cmr/m/n/10.95 Calendar .getInstance() .set-Time-
 []

Missing character: There is no ‚ in font cmr10!
Missing character: There is no Ä in font cmr10!
Missing character: There is no ù in font cmr10!
Missing character: There is no ‚ in font cmr10!
Missing character: There is no Ä in font cmr10!
Missing character: There is no ù in font cmr10!

Underfull \hbox (badness 10000) in paragraph at lines 109--109
[]|\OT1/cmr/m/n/10.95 Calendar .getInstance() .set-Time-
 []


Overfull \hbox (49.99994pt too wide) in alignment at lines 69--109
 [] [] [] [] 
 []

[30



]
Missing character: There is no ‚ in font cmr10!
Missing character: There is no Ä in font cmr10!
Missing character: There is no ù in font cmr10!
Missing character: There is no ‚ in font cmr10!
Missing character: There is no Ä in font cmr10!
Missing character: There is no ù in font cmr10!
Missing character: There is no ‚ in font cmr10!
Missing character: There is no Ä in font cmr10!
Missing character: There is no ù in font cmr10!
Missing character: There is no ‚ in font cmr10!
Missing character: There is no Ä in font cmr10!
Missing character: There is no ù in font cmr10!
Missing character: There is no ‚ in font cmr10!
Missing character: There is no Ä in font cmr10!
Missing character: There is no ù in font cmr10!
Missing character: There is no ‚ in font cmr10!
Missing character: There is no Ä in font cmr10!
Missing character: There is no ù in font cmr10!
Missing character: There is no ‚ in font cmr10!
Missing character: There is no Ä in font cmr10!
Missing character: There is no ù in font cmr10!
Missing character: There is no ‚ in font cmr10!
Missing character: There is no Ä in font cmr10!
Missing character: There is no ù in font cmr10!
Missing character: There is no ‚ in font cmr10!
Missing character: There is no Ä in font cmr10!
Missing character: There is no ù in font cmr10!
Missing character: There is no ‚ in font cmr10!
Missing character: There is no Ä in font cmr10!
Missing character: There is no ù in font cmr10!
Missing character: There is no ‚ in font cmr10!
Missing character: There is no Ä in font cmr10!
Missing character: There is no ù in font cmr10!
Missing character: There is no ‚ in font cmr10!
Missing character: There is no Ä in font cmr10!
Missing character: There is no ù in font cmr10!

Underfull \hbox (badness 2564) in paragraph at lines 125--125
[]|\OT1/cmr/m/n/10.95 new File(text1 .txt) .re-nameTo(new
 []

Missing character: There is no ‚ in font cmr10!
Missing character: There is no Ä in font cmr10!
Missing character: There is no ù in font cmr10!
Missing character: There is no ‚ in font cmr10!
Missing character: There is no Ä in font cmr10!
Missing character: There is no ù in font cmr10!
Missing character: There is no ‚ in font cmr10!
Missing character: There is no Ä in font cmr10!
Missing character: There is no ù in font cmr10!
Missing character: There is no ‚ in font cmr10!
Missing character: There is no Ä in font cmr10!
Missing character: There is no ù in font cmr10!
Missing character: There is no ‚ in font cmr10!
Missing character: There is no Ä in font cmr10!
Missing character: There is no ù in font cmr10!
Missing character: There is no ‚ in font cmr10!
Missing character: There is no Ä in font cmr10!
Missing character: There is no ù in font cmr10!
Missing character: There is no ‚ in font cmr10!
Missing character: There is no Ä in font cmr10!
Missing character: There is no ù in font cmr10!
Missing character: There is no ‚ in font cmr10!
Missing character: There is no Ä in font cmr10!
Missing character: There is no ù in font cmr10!

Underfull \hbox (badness 10000) in paragraph at lines 129--129
[]|\OT1/cmr/m/n/10.95 FileUtils .move-File(new File(text1
 []

Missing character: There is no ‚ in font cmr10!
Missing character: There is no Ä in font cmr10!
Missing character: There is no ù in font cmr10!
Missing character: There is no ‚ in font cmr10!
Missing character: There is no Ä in font cmr10!
Missing character: There is no ù in font cmr10!

Underfull \hbox (badness 2443) in paragraph at lines 131--131
[]|\OT1/cmr/m/n/10.95 FileUtils .read-File-ToString(new File(
 []

Missing character: There is no ‚ in font cmr10!
Missing character: There is no Ä in font cmr10!
Missing character: There is no ù in font cmr10!
Missing character: There is no ‚ in font cmr10!
Missing character: There is no Ä in font cmr10!
Missing character: There is no ù in font cmr10!

Underfull \hbox (badness 10000) in paragraph at lines 135--135
[]|\OT1/cmr/m/n/10.95 Thread .cur-rent-Thread() .set-Pri-or-
 []


Underfull \hbox (badness 10000) in paragraph at lines 137--137
[]|\OT1/cmr/m/n/10.95 Thread .cur-rent-Thread() .set-Pri-or-
 []


Underfull \hbox (badness 1546) in paragraph at lines 139--139
[]|\OT1/cmr/m/n/10.95 new Panel() .set-Lay-out(new Bor-der-
 []


Underfull \hbox (badness 1546) in paragraph at lines 141--141
[]|\OT1/cmr/m/n/10.95 new Panel() .set-Lay-out(new Bor-der-
 []

Missing character: There is no ‚ in font cmr10!
Missing character: There is no Ä in font cmr10!
Missing character: There is no ù in font cmr10!
Missing character: There is no ‚ in font cmr10!
Missing character: There is no Ä in font cmr10!
Missing character: There is no ù in font cmr10!
Missing character: There is no ‚ in font cmr10!
Missing character: There is no Ä in font cmr10!
Missing character: There is no ù in font cmr10!
Missing character: There is no ‚ in font cmr10!
Missing character: There is no Ä in font cmr10!
Missing character: There is no ù in font cmr10!

Overfull \hbox (49.99994pt too wide) in alignment at lines 109--149
 [] [] [] [] 
 []

[31]
Missing character: There is no ‚ in font cmr10!
Missing character: There is no Ä in font cmr10!
Missing character: There is no ù in font cmr10!
Missing character: There is no ‚ in font cmr10!
Missing character: There is no Ä in font cmr10!
Missing character: There is no ù in font cmr10!

Underfull \hbox (badness 1237) in paragraph at lines 151--151
\OT1/cmr/m/n/10.95 put-Stream( "text .txt" )) .writeInt(
 []

Missing character: There is no ‚ in font cmr10!
Missing character: There is no Ä in font cmr10!
Missing character: There is no ù in font cmr10!
Missing character: There is no ‚ in font cmr10!
Missing character: There is no Ä in font cmr10!
Missing character: There is no ù in font cmr10!
Missing character: There is no ‚ in font cmr10!
Missing character: There is no Ä in font cmr10!
Missing character: There is no ù in font cmr10!
Missing character: There is no ‚ in font cmr10!
Missing character: There is no Ä in font cmr10!
Missing character: There is no ù in font cmr10!
LaTeX Font Info:    Try loading font information for OML+cmr on input line 155.

(/usr/local/texlive/2017/texmf-dist/tex/latex/base/omlcmr.fd
File: omlcmr.fd 2014/09/29 v2.5h Standard LaTeX font definitions
)
LaTeX Font Info:    Font shape `OML/cmr/m/n' in size <10.95> not available
(Font)              Font shape `OML/cmm/m/it' tried instead on input line 155.
Missing character: There is no ‚ in font cmr10!
Missing character: There is no Ä in font cmr10!
Missing character: There is no ù in font cmr10!
Missing character: There is no ‚ in font cmr10!
Missing character: There is no Ä in font cmr10!
Missing character: There is no ù in font cmr10!
Missing character: There is no ‚ in font cmr10!
Missing character: There is no Ä in font cmr10!
Missing character: There is no ù in font cmr10!
Missing character: There is no ‚ in font cmr10!
Missing character: There is no Ä in font cmr10!
Missing character: There is no ù in font cmr10!
Missing character: There is no ‚ in font cmr10!
Missing character: There is no Ä in font cmr10!
Missing character: There is no ù in font cmr10!
Missing character: There is no ‚ in font cmr10!
Missing character: There is no Ä in font cmr10!
Missing character: There is no ù in font cmr10!
Missing character: There is no ‚ in font cmr10!
Missing character: There is no Ä in font cmr10!
Missing character: There is no ù in font cmr10!
Missing character: There is no ‚ in font cmr10!
Missing character: There is no Ä in font cmr10!
Missing character: There is no ù in font cmr10!
Missing character: There is no ‚ in font cmr10!
Missing character: There is no Ä in font cmr10!
Missing character: There is no ù in font cmr10!
Missing character: There is no ‚ in font cmr10!
Missing character: There is no Ä in font cmr10!
Missing character: There is no ù in font cmr10!
Missing character: There is no ‚ in font cmr10!
Missing character: There is no Ä in font cmr10!
Missing character: There is no ù in font cmr10!
Missing character: There is no ‚ in font cmr10!
Missing character: There is no Ä in font cmr10!
Missing character: There is no ù in font cmr10!

Underfull \hbox (badness 7468) in paragraph at lines 163--163
[]|\OT1/cmr/m/n/10.95 new LineNum-ber-Reader(new In-put-
 []

Missing character: There is no ‚ in font cmr10!
Missing character: There is no Ä in font cmr10!
Missing character: There is no ù in font cmr10!
Missing character: There is no ‚ in font cmr10!
Missing character: There is no Ä in font cmr10!
Missing character: There is no ù in font cmr10!

Underfull \hbox (badness 10000) in paragraph at lines 165--165
[]|\OT1/cmr/m/n/10.95 new LineNum-ber-Reader(new In-
 []


Underfull \hbox (badness 10000) in paragraph at lines 165--165
\OT1/cmr/m/n/10.95 put-Stream-Reader(new FileIn-put-
 []

Missing character: There is no ‚ in font cmr10!
Missing character: There is no Ä in font cmr10!
Missing character: There is no ù in font cmr10!
Missing character: There is no ‚ in font cmr10!
Missing character: There is no Ä in font cmr10!
Missing character: There is no ù in font cmr10!
Missing character: There is no ‚ in font cmr10!
Missing character: There is no Ä in font cmr10!
Missing character: There is no ù in font cmr10!
Missing character: There is no ‚ in font cmr10!
Missing character: There is no Ä in font cmr10!
Missing character: There is no ù in font cmr10!
Missing character: There is no ‚ in font cmr10!
Missing character: There is no Ä in font cmr10!
Missing character: There is no ù in font cmr10!

Underfull \hbox (badness 10000) in paragraph at lines 179--179
[]|\OT1/cmr/m/n/10.95 new Ob-jectOut-put-Stream(new
 []


Underfull \hbox (badness 10000) in paragraph at lines 179--179
\OT1/cmr/m/n/10.95 Buffered-Out-put-Stream(new File-Out-
 []

Missing character: There is no ‚ in font cmr10!
Missing character: There is no Ä in font cmr10!
Missing character: There is no ù in font cmr10!
Missing character: There is no ‚ in font cmr10!
Missing character: There is no Ä in font cmr10!
Missing character: There is no ù in font cmr10!

Underfull \hbox (badness 10000) in paragraph at lines 181--181
[]|\OT1/cmr/m/n/10.95 new Ob-jectOut-put-Stream(new
 []


Underfull \hbox (badness 10000) in paragraph at lines 181--181
\OT1/cmr/m/n/10.95 Buffered-Out-put-Stream(new File-Out-
 []


Overfull \hbox (49.99994pt too wide) in alignment at lines 149--189
 [] [] [] [] 
 []

[32] [33]
Underfull \hbox (badness 1596) in paragraph at lines 191--191
[]|\OT1/cmr/m/n/10.95 Thread .cur-rent-Thread() .get-Thread-
 []


Underfull \hbox (badness 1596) in paragraph at lines 193--193
[]|\OT1/cmr/m/n/10.95 Thread .cur-rent-Thread() .get-Thread-
 []


Underfull \hbox (badness 10000) in paragraph at lines 197--197
[]|\OT1/cmr/m/n/10.95 new Panel() .set-Lay-out(new Grid-
 []


Underfull \hbox (badness 1728) in paragraph at lines 205--205
[]|\OT1/cmr/m/n/10.95 SplashScreen .get-Splash-Screen() .cre-
 []


Underfull \hbox (badness 10000) in paragraph at lines 207--207
[]|\OT1/cmr/m/n/10.95 GraphicsEnvironment .get-Lo-cal-
 []


Underfull \hbox (badness 10000) in paragraph at lines 207--207
\OT1/cmr/m/n/10.95 Graph-ic-sEn-vi-ron-ment() .get-De-fault-
 []


Underfull \hbox (badness 10000) in paragraph at lines 207--207
\OT1/cmr/m/n/10.95 Screen-De-vice() .get-Dis-play-Mode()
 []


Underfull \hbox (badness 10000) in paragraph at lines 209--209
[]|\OT1/cmr/m/n/10.95 GraphicsEnvironment .get-Lo-cal-
 []


Underfull \hbox (badness 10000) in paragraph at lines 209--209
\OT1/cmr/m/n/10.95 Graph-ic-sEn-vi-ron-ment() .get-De-fault-
 []


Underfull \hbox (badness 10000) in paragraph at lines 209--209
\OT1/cmr/m/n/10.95 Screen-De-vice() .get-Dis-play-Mode()
 []


Underfull \hbox (badness 10000) in paragraph at lines 213--213
[]|\OT1/cmr/m/n/10.95 KeyEvent .getKey-Mod-i-fier-s-
 []

Missing character: There is no ‚ in font cmr10!
Missing character: There is no Ä in font cmr10!
Missing character: There is no ù in font cmr10!
Missing character: There is no ‚ in font cmr10!
Missing character: There is no Ä in font cmr10!
Missing character: There is no ù in font cmr10!
Missing character: There is no ‚ in font cmr10!
Missing character: There is no Ä in font cmr10!
Missing character: There is no ù in font cmr10!
Missing character: There is no ‚ in font cmr10!
Missing character: There is no Ä in font cmr10!
Missing character: There is no ù in font cmr10!

Underfull \hbox (badness 10000) in paragraph at lines 217--217
[]|\OT1/cmr/m/n/10.95 KeyPairGenerator .getInstance(RSA)
 []


Overfull \hbox (49.99994pt too wide) in alignment at lines 189--229
 [] [] [] [] 
 []

[34]
Missing character: There is no ‚ in font cmr10!
Missing character: There is no Ä in font cmr10!
Missing character: There is no ù in font cmr10!
Missing character: There is no ‚ in font cmr10!
Missing character: There is no Ä in font cmr10!
Missing character: There is no ù in font cmr10!
Missing character: There is no ‚ in font cmr10!
Missing character: There is no Ä in font cmr10!
Missing character: There is no ù in font cmr10!
Missing character: There is no ‚ in font cmr10!
Missing character: There is no Ä in font cmr10!
Missing character: There is no ù in font cmr10!

Underfull \hbox (badness 10000) in paragraph at lines 239--239
[]|\OT1/cmr/m/n/10.95 DateFormat .get-Date-Time-In-stance()
 []


Underfull \hbox (badness 10000) in paragraph at lines 241--241
[]|\OT1/cmr/m/n/10.95 DateFormat .get-Date-
 []


Underfull \hbox (badness 10000) in paragraph at lines 241--241
\OT1/cmr/m/n/10.95 Time-In-stance(DateFormat
 []


Underfull \hbox (badness 10000) in paragraph at lines 241--241
\OT1/cmr/m/n/10.95 .MEDIUM,DateFormat .MEDIUM,
 []


Overfull \hbox (49.99994pt too wide) in alignment at lines 229--244
 [] [] [] [] 
 []

[35] [36] [37]) [38] [39]
\openout2 = `Body/chapter5.aux'.

 (./Body/chapter5.tex
CHAPTER\  5.
) [40



]
\openout2 = `Reference/biblio.aux'.

 (./Reference/biblio.tex (./thesis.bbl
Overfull \hbox (9.0pt too wide) in paragraph at lines 1--1
 []   [] 
 []


Underfull \hbox (badness 1735) in paragraph at lines 11--15
[]\OT1/cmr/m/n/10.95 Cambridge-Dictionary.  Cam-bridgge dic-tio-nary.  [][]$\OT
1/cmtt/m/n/10.95 https : / / dictionary . cambridge . org / us /
 []

[41



]
Underfull \hbox (badness 10000) in paragraph at lines 73--77
[]\OT1/cmr/m/n/10.95 StackExchange (2010).  Why isn't lit-er-ate pro-gram-ming 
main-
 []


Underfull \hbox (badness 10000) in paragraph at lines 73--77
\OT1/cmr/m/n/10.95 stream?  [][]$\OT1/cmtt/m/n/10.95 https : / / softwareengine
ering . stackexchange . com / questions / 811 /
 []

)) [42]
\openout2 = `Appendix/appendix1.aux'.

 (./Appendix/appendix1.tex
APPENDIX\  A.
) [43



]
\openout2 = `Appendix/appendix2.aux'.

 (./Appendix/appendix2.tex
APPENDIX\  B.
) [44



]
Package atveryend Info: Empty hook `BeforeClearDocument' on input line 144.
Package atveryend Info: Empty hook `AfterLastShipout' on input line 144.
 (./thesis.aux (./Preface/titlepage.aux) (./Preface/dedication.aux)
(./Preface/acknowl.aux) (./Preface/abstract.aux) (./Body/chapter1.aux)
(./Body/chapter2.aux) (./Body/chapter3.aux) (./Body/chapter4.aux)
(./Body/chapter5.aux) (./Reference/biblio.aux) (./Appendix/appendix1.aux)
(./Appendix/appendix2.aux))
Package atveryend Info: Executing hook `AtVeryEndDocument' on input line 144.
Package atveryend Info: Executing hook `AtEndAfterFileList' on input line 144.
Package rerunfilecheck Info: File `thesis.out' has not changed.
(rerunfilecheck)             Checksum: 17D3C1E6063557D9117AB3B98D842FE2;3712.


LaTeX Warning: There were undefined references.

Package atveryend Info: Empty hook `AtVeryVeryEnd' on input line 144.
 ) 
Here is how much of TeX's memory you used:
 9870 strings out of 492995
 141350 string characters out of 6132704
 305909 words of memory out of 5000000
 13048 multiletter control sequences out of 15000+600000
 9482 words of font info for 34 fonts, out of 8000000 for 9000
 1141 hyphenation exceptions out of 8191
 41i,10n,40p,1353b,426s stack positions out of 5000i,500n,10000p,200000b,80000s
</usr/local/texlive/2017/texmf-dist/fonts/type1/public/amsfonts/cm/cmbx10.pfb
></usr/local/texlive/2017/texmf-dist/fonts/type1/public/amsfonts/cm/cmbx12.pfb>
</usr/local/texlive/2017/texmf-dist/fonts/type1/public/amsfonts/cm/cmcsc10.pfb>
</usr/local/texlive/2017/texmf-dist/fonts/type1/public/amsfonts/cm/cmmi10.pfb><
/usr/local/texlive/2017/texmf-dist/fonts/type1/public/amsfonts/cm/cmr10.pfb></u
sr/local/texlive/2017/texmf-dist/fonts/type1/public/amsfonts/cm/cmsy10.pfb></us
r/local/texlive/2017/texmf-dist/fonts/type1/public/amsfonts/cm/cmti10.pfb></usr
/local/texlive/2017/texmf-dist/fonts/type1/public/amsfonts/cm/cmtt10.pfb>
Output written on thesis.pdf (53 pages, 916051 bytes).
PDF statistics:
 627 PDF objects out of 1000 (max. 8388607)
 534 compressed objects within 6 object streams
 133 named destinations out of 1000 (max. 500000)
 437 words of extra memory for PDF output out of 10000 (max. 10000000)

